{
  "RSpec": {
    "coverage": {
      "/home/david/apps/saas_app/saas_app/app/models/user.rb": {
        "lines": [
          1,
          1,
          null,
          null,
          null,
          1,
          null,
          null
        ]
      },
      "/home/david/apps/saas_app/saas_app/app/models/application_record.rb": {
        "lines": [
          1,
          1,
          1,
          null
        ]
      },
      "/home/david/apps/saas_app/saas_app/app/helpers/activity_helper.rb": {
        "lines": [
          1,
          null
        ]
      },
      "/home/david/apps/saas_app/saas_app/app/helpers/application_helper.rb": {
        "lines": [
          1,
          1,
          null,
          9,
          null,
          null,
          null,
          null,
          null,
          null,
          1,
          null,
          15,
          9,
          9,
          null,
          9,
          null,
          null,
          9,
          null,
          null,
          null,
          null,
          null
        ]
      },
      "/home/david/apps/saas_app/saas_app/app/controllers/activity_controller.rb": {
        "lines": [
          1,
          1,
          null,
          null,
          1,
          null,
          null
        ]
      },
      "/home/david/apps/saas_app/saas_app/app/controllers/application_controller.rb": {
        "lines": [
          1,
          1,
          1,
          null,
          1,
          1,
          17,
          10,
          null,
          7,
          null,
          null,
          null
        ]
      },
      "/home/david/apps/saas_app/saas_app/app/models/account.rb": {
        "lines": [
          1,
          1,
          1,
          null
        ]
      },
      "/home/david/apps/saas_app/saas_app/app/controllers/registrations_controller.rb": {
        "lines": [
          1,
          1,
          null,
          1,
          null,
          1,
          6,
          null,
          null,
          1,
          2,
          null,
          null
        ]
      },
      "/home/david/apps/saas_app/saas_app/app/controllers/accounts_controller.rb": {
        "lines": [
          1,
          1,
          2,
          2,
          null,
          null,
          1,
          2,
          2,
          1,
          1,
          1,
          null,
          1,
          null,
          null,
          null,
          null,
          null,
          1,
          null,
          1,
          2,
          null,
          null,
          null,
          null
        ]
      },
      "/home/david/apps/saas_app/saas_app/app/jobs/application_job.rb": {
        "lines": [
          0,
          null,
          null,
          null,
          null,
          null,
          0
        ],
        "branches": {
        }
      },
      "/home/david/apps/saas_app/saas_app/app/channels/application_cable/connection.rb": {
        "lines": [
          0,
          0,
          0,
          0
        ],
        "branches": {
        }
      },
      "/home/david/apps/saas_app/saas_app/app/channels/application_cable/channel.rb": {
        "lines": [
          0,
          0,
          0,
          0
        ],
        "branches": {
        }
      },
      "/home/david/apps/saas_app/saas_app/app/mailers/application_mailer.rb": {
        "lines": [
          0,
          0,
          0,
          0
        ],
        "branches": {
        }
      }
    },
    "timestamp": 1590388805
  }
}
